[debug] [2024-02-25T20:43:59.389Z] ----------------------------------------------------------------------
[debug] [2024-02-25T20:43:59.394Z] Command:       C:\Program Files (x86)\nodejs\node.exe C:\Users\HI\AppData\Roaming\npm\node_modules\firebase-tools\lib\bin\firebase.js init
[debug] [2024-02-25T20:43:59.395Z] CLI Version:   13.3.0
[debug] [2024-02-25T20:43:59.395Z] Platform:      win32
[debug] [2024-02-25T20:43:59.395Z] Node Version:  v20.11.1
[debug] [2024-02-25T20:43:59.396Z] Time:          Sun Feb 25 2024 21:43:59 GMT+0100 (West Africa Standard Time)
[debug] [2024-02-25T20:43:59.396Z] ----------------------------------------------------------------------
[debug] 
[debug] [2024-02-25T20:43:59.483Z] >>> [apiv2][query] GET https://firebase-public.firebaseio.com/cli.json [none]
[debug] [2024-02-25T20:44:00.252Z] > command requires scopes: ["email","openid","https://www.googleapis.com/auth/cloudplatformprojects.readonly","https://www.googleapis.com/auth/firebase","https://www.googleapis.com/auth/cloud-platform"]
[debug] [2024-02-25T20:44:00.254Z] > authorizing via signed-in user (mbaangel031@gmail.com)
[info] 
     ######## #### ########  ######## ########     ###     ######  ########
     ##        ##  ##     ## ##       ##     ##  ##   ##  ##       ##
     ######    ##  ########  ######   ########  #########  ######  ######
     ##        ##  ##    ##  ##       ##     ## ##     ##       ## ##
     ##       #### ##     ## ######## ########  ##     ##  ######  ########

You're about to initialize a Firebase project in this directory:

  C:\Users\HI\Documents\react-projects\react-projects\portfolio-app

Before we get started, keep in mind:

  * You are initializing within an existing Firebase project directory

[debug] [2024-02-25T20:44:04.174Z] <<< [apiv2][status] GET https://firebase-public.firebaseio.com/cli.json 200
[debug] [2024-02-25T20:44:04.177Z] <<< [apiv2][body] GET https://firebase-public.firebaseio.com/cli.json {"cloudBuildErrorAfter":1594252800000,"cloudBuildWarnAfter":1590019200000,"defaultNode10After":1594252800000,"minVersion":"3.0.5","node8DeploysDisabledAfter":1613390400000,"node8RuntimeDisabledAfter":1615809600000,"node8WarnAfter":1600128000000}
[info] 
=== Project Setup
[info] 
[info] First, let's associate this project directory with a Firebase project.
[info] You can create multiple project aliases by running firebase use --add, 
[info] but for now we'll just set up a default project.
[info] 
[debug] [2024-02-25T20:44:14.001Z] Using project from CLI flag: angel-mba-dev
[debug] [2024-02-25T20:44:14.003Z] > refreshing access token with scopes: []
[debug] [2024-02-25T20:44:14.005Z] >>> [apiv2][query] POST https://www.googleapis.com/oauth2/v3/token [none]
[debug] [2024-02-25T20:44:14.005Z] >>> [apiv2][body] POST https://www.googleapis.com/oauth2/v3/token [omitted]
[debug] [2024-02-25T20:44:18.675Z] <<< [apiv2][status] POST https://www.googleapis.com/oauth2/v3/token 200
[debug] [2024-02-25T20:44:18.676Z] <<< [apiv2][body] POST https://www.googleapis.com/oauth2/v3/token [omitted]
[debug] [2024-02-25T20:44:19.103Z] >>> [apiv2][query] GET https://firebase.googleapis.com/v1beta1/projects/angel-mba-dev [none]
[debug] [2024-02-25T20:44:22.486Z] <<< [apiv2][status] GET https://firebase.googleapis.com/v1beta1/projects/angel-mba-dev 200
[debug] [2024-02-25T20:44:22.487Z] <<< [apiv2][body] GET https://firebase.googleapis.com/v1beta1/projects/angel-mba-dev {"projectId":"angel-mba-dev","projectNumber":"689980064420","displayName":"angel-mba-dev","name":"projects/angel-mba-dev","resources":{"hostingSite":"angel-mba-dev"},"state":"ACTIVE","etag":"1_615ccff5-5981-4069-9eb1-36f8208fb826"}
[info] i  Using project angel-mba-dev (angel-mba-dev) 
[info] 
=== Hosting Setup
[debug] [2024-02-25T20:44:22.741Z] >>> [apiv2][query] GET https://firebase.googleapis.com/v1beta1/projects/angel-mba-dev [none]
[debug] [2024-02-25T20:44:23.325Z] <<< [apiv2][status] GET https://firebase.googleapis.com/v1beta1/projects/angel-mba-dev 200
[debug] [2024-02-25T20:44:23.326Z] <<< [apiv2][body] GET https://firebase.googleapis.com/v1beta1/projects/angel-mba-dev {"projectId":"angel-mba-dev","projectNumber":"689980064420","displayName":"angel-mba-dev","name":"projects/angel-mba-dev","resources":{"hostingSite":"angel-mba-dev"},"state":"ACTIVE","etag":"1_615ccff5-5981-4069-9eb1-36f8208fb826"}
[info] 
[info] Your public directory is the folder (relative to your project directory) that
[info] will contain Hosting assets to be uploaded with firebase deploy. If you
[info] have a build process for your assets, use your build's output directory.
[info] 
[info] i  Skipping write of public/404.html 
[debug] [2024-02-25T20:44:40.016Z] >>> [apiv2][query] GET https://www.gstatic.com/firebasejs/releases.json [none]
[debug] [2024-02-25T20:44:41.718Z] <<< [apiv2][status] GET https://www.gstatic.com/firebasejs/releases.json 200
[debug] [2024-02-25T20:44:41.718Z] <<< [apiv2][body] GET https://www.gstatic.com/firebasejs/releases.json {"current":{"version":"10.8.0","browserURL":"https://www.gstatic.com/firebasejs/10.8.0/firebase.js","packageURL":"https://www.gstatic.com/firebasejs/10.8.0/firebase.tgz"},"live":{"version":"10.8","browserURL":"https://www.gstatic.com/firebasejs/live/10.8/firebase.js","packageURL":"https://www.gstatic.com/firebasejs/live/10.8/firebase.tgz"},"components":{"analytics":"https://www.gstatic.com/firebasejs/10.8.0/firebase-analytics.js","app":"https://www.gstatic.com/firebasejs/10.8.0/firebase-app.js","app-check":"https://www.gstatic.com/firebasejs/10.8.0/firebase-app-check.js","auth":"https://www.gstatic.com/firebasejs/10.8.0/firebase-auth.js","auth/cordova":"https://www.gstatic.com/firebasejs/10.8.0/firebase-auth/cordova.js","auth/web-extension":"https://www.gstatic.com/firebasejs/10.8.0/firebase-auth/web-extension.js","functions":"https://www.gstatic.com/firebasejs/10.8.0/firebase-functions.js","firestore":"https://www.gstatic.com/firebasejs/10.8.0/firebase-firestore.js","firestore/lite":"https://www.gstatic.com/firebasejs/10.8.0/firebase-firestore/lite.js","installations":"https://www.gstatic.com/firebasejs/10.8.0/firebase-installations.js","storage":"https://www.gstatic.com/firebasejs/10.8.0/firebase-storage.js","performance":"https://www.gstatic.com/firebasejs/10.8.0/firebase-performance.js","remote-config":"https://www.gstatic.com/firebasejs/10.8.0/firebase-remote-config.js","messaging":"https://www.gstatic.com/firebasejs/10.8.0/firebase-messaging.js","messaging/sw":"https://www.gstatic.com/firebasejs/10.8.0/firebase-messaging/sw.js","database":"https://www.gstatic.com/firebasejs/10.8.0/firebase-database.js","firestore.memory":"https://www.gstatic.com/firebasejs/10.8.0/firebase-firestore.memory.js"}}
[info] i  Skipping write of public/index.html 
[info] 
[info] i  Detected a .git folder at C:\Users\HI\Documents\react-projects\react-projects\portfolio-app 
[info] i  Authorizing with GitHub to upload your service account to a GitHub repository's secrets store. 
[info] 
[info] Visit this URL on this device to log in:
[info] https://github.com/login/oauth/authorize?client_id=89cf50f02ac6aaed3484&state=156682930&redirect_uri=http%3A%2F%2Flocalhost%3A9005&scope=read%3Auser%20repo%20public_repo
[info] 
[info] Waiting for authentication...
[debug] [2024-02-25T20:45:15.585Z] >>> [apiv2][query] POST https://github.com/login/oauth/access_token [none]
[debug] [2024-02-25T20:45:15.586Z] >>> [apiv2][body] POST https://github.com/login/oauth/access_token [stream]
[debug] [2024-02-25T20:45:17.259Z] <<< [apiv2][status] POST https://github.com/login/oauth/access_token 200
[debug] [2024-02-25T20:45:17.259Z] <<< [apiv2][body] POST https://github.com/login/oauth/access_token {"access_token":"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","token_type":"bearer","scope":"read:user,repo"}
[debug] [2024-02-25T20:45:17.603Z] >>> [apiv2][query] GET https://api.github.com/user [none]
[debug] [2024-02-25T20:45:20.131Z] <<< [apiv2][status] GET https://api.github.com/user 200
[debug] [2024-02-25T20:45:20.131Z] <<< [apiv2][body] GET https://api.github.com/user {"login":"Michelle031","id":70325824,"node_id":"MDQ6VXNlcjcwMzI1ODI0","avatar_url":"https://avatars.githubusercontent.com/u/70325824?v=4","gravatar_id":"","url":"https://api.github.com/users/Michelle031","html_url":"https://github.com/Michelle031","followers_url":"https://api.github.com/users/Michelle031/followers","following_url":"https://api.github.com/users/Michelle031/following{/other_user}","gists_url":"https://api.github.com/users/Michelle031/gists{/gist_id}","starred_url":"https://api.github.com/users/Michelle031/starred{/owner}{/repo}","subscriptions_url":"https://api.github.com/users/Michelle031/subscriptions","organizations_url":"https://api.github.com/users/Michelle031/orgs","repos_url":"https://api.github.com/users/Michelle031/repos","events_url":"https://api.github.com/users/Michelle031/events{/privacy}","received_events_url":"https://api.github.com/users/Michelle031/received_events","type":"User","site_admin":false,"name":"Angel Mba","company":null,"blog":"https://www.linkedin.com/in/angel-mba-michelle","location":null,"email":null,"hireable":null,"bio":"Software Developer\r\n","twitter_username":"tech__angel","public_repos":46,"public_gists":0,"followers":10,"following":4,"created_at":"2020-08-27T12:04:58Z","updated_at":"2024-02-07T12:59:40Z","private_gists":0,"total_private_repos":2,"owned_private_repos":2,"disk_usage":74714,"collaborators":1,"two_factor_authentication":false,"plan":{"name":"pro","space":976562499,"collaborators":0,"private_repos":9999}}
[info] 
[info] +  Success! Logged into GitHub as Michelle031 
[info] 
